<?xml version="1.0" encoding="UTF-8"?>
<!-- Generated by org.testng.reporters.JUnitXMLReporter -->
<testsuite ignored="0" hostname="DESKTOP-TNM7DN2" failures="0" tests="4" name="Default test" time="3.356" errors="0" timestamp="2022-10-08T16:44:13 IST">
  <testcase classname="EMP.TC004_Update_Emp_Data" name="checkContentType" time="0.012"/>
  <testcase classname="EMP.TC004_Update_Emp_Data" name="checkResponceBody" time="0.022"/>
  <testcase classname="EMP.TC004_Update_Emp_Data" name="checkStatusCode" time="0.006"/>
  <testcase classname="EMP.TC004_Update_Emp_Data" name="checkStatusLine" time="0.005"/>
</testsuite> <!-- Default test -->
