<?xml version="1.0" encoding="UTF-8"?>
<testng-results ignored="0" total="4" passed="4" failed="0" skipped="0">
  <reporter-output>
  </reporter-output>
  <suite started-at="2022-10-08T16:44:10 IST" name="Default suite" finished-at="2022-10-08T16:44:13 IST" duration-ms="3356">
    <groups>
    </groups>
    <test started-at="2022-10-08T16:44:10 IST" name="Default test" finished-at="2022-10-08T16:44:13 IST" duration-ms="3356">
      <class name="EMP.TC004_Update_Emp_Data">
        <test-method is-config="true" signature="setUp()[pri:0, instance:EMP.TC004_Update_Emp_Data@44ebcd03]" started-at="2022-10-08T16:44:10 IST" name="setUp" finished-at="2022-10-08T16:44:10 IST" duration-ms="166" status="PASS">
          <reporter-output>
          </reporter-output>
        </test-method> <!-- setUp -->
        <test-method is-config="true" signature="getEmpData()[pri:0, instance:EMP.TC004_Update_Emp_Data@44ebcd03]" started-at="2022-10-08T16:44:10 IST" name="getEmpData" finished-at="2022-10-08T16:44:13 IST" duration-ms="3057" status="PASS">
          <reporter-output>
          </reporter-output>
        </test-method> <!-- getEmpData -->
        <test-method signature="checkContentType()[pri:0, instance:EMP.TC004_Update_Emp_Data@44ebcd03]" started-at="2022-10-08T16:44:13 IST" name="checkContentType" finished-at="2022-10-08T16:44:13 IST" duration-ms="12" status="PASS">
          <reporter-output>
          </reporter-output>
        </test-method> <!-- checkContentType -->
        <test-method signature="checkResponceBody()[pri:0, instance:EMP.TC004_Update_Emp_Data@44ebcd03]" started-at="2022-10-08T16:44:13 IST" name="checkResponceBody" finished-at="2022-10-08T16:44:13 IST" duration-ms="22" status="PASS">
          <reporter-output>
          </reporter-output>
        </test-method> <!-- checkResponceBody -->
        <test-method signature="checkStatusCode()[pri:0, instance:EMP.TC004_Update_Emp_Data@44ebcd03]" started-at="2022-10-08T16:44:13 IST" name="checkStatusCode" finished-at="2022-10-08T16:44:13 IST" duration-ms="6" status="PASS">
          <reporter-output>
          </reporter-output>
        </test-method> <!-- checkStatusCode -->
        <test-method signature="checkStatusLine()[pri:0, instance:EMP.TC004_Update_Emp_Data@44ebcd03]" started-at="2022-10-08T16:44:13 IST" name="checkStatusLine" finished-at="2022-10-08T16:44:13 IST" duration-ms="5" status="PASS">
          <reporter-output>
          </reporter-output>
        </test-method> <!-- checkStatusLine -->
        <test-method is-config="true" signature="TearDown()[pri:0, instance:EMP.TC004_Update_Emp_Data@44ebcd03]" started-at="2022-10-08T16:44:13 IST" name="TearDown" finished-at="2022-10-08T16:44:13 IST" duration-ms="1" status="PASS">
          <reporter-output>
          </reporter-output>
        </test-method> <!-- TearDown -->
      </class> <!-- EMP.TC004_Update_Emp_Data -->
    </test> <!-- Default test -->
  </suite> <!-- Default suite -->
</testng-results>
